0 verbose cli D:\laragon\bin\nodejs\node-v18\node.exe D:\laragon\bin\nodejs\node-v18\node_modules\npm\bin\npm-cli.js
1 info using npm@8.18.0
2 info using node@v18.8.0
3 timing npm:load:whichnode Completed in 0ms
4 timing config:load:defaults Completed in 3ms
5 timing config:load:file:D:\laragon\bin\nodejs\node-v18\node_modules\npm\npmrc Completed in 3ms
6 timing config:load:builtin Completed in 4ms
7 timing config:load:cli Completed in 3ms
8 timing config:load:env Completed in 1ms
9 timing config:load:project Completed in 4ms
10 timing config:load:file:C:\Users\Admin\.npmrc Completed in 2ms
11 timing config:load:user Completed in 2ms
12 timing config:load:file:C:\Users\Admin\AppData\Roaming\npm\etc\npmrc Completed in 1ms
13 timing config:load:global Completed in 1ms
14 timing config:load:validate Completed in 0ms
15 timing config:load:credentials Completed in 0ms
16 timing config:load:setEnvs Completed in 1ms
17 timing config:load Completed in 21ms
18 timing npm:load:configload Completed in 21ms
19 timing npm:load:mkdirpcache Completed in 1ms
20 timing npm:load:mkdirplogs Completed in 0ms
21 verbose title npm prefix
22 verbose argv "prefix" "--global"
23 timing npm:load:setTitle Completed in 2ms
24 timing config:load:flatten Completed in 3ms
25 timing npm:load:display Completed in 4ms
26 verbose logfile logs-max:10 dir:D:\laragon\www\Agile-main\Agile-main\clean\_logs
27 verbose logfile D:\laragon\www\Agile-main\Agile-main\clean\_logs\2025-04-11T16_01_52_709Z-debug-0.log
28 timing npm:load:logFile Completed in 8ms
29 timing npm:load:timers Completed in 0ms
30 timing npm:load:configScope Completed in 0ms
31 timing npm:load Completed in 37ms
32 timing command:prefix Completed in 3ms
33 verbose exit 0
34 timing npm Completed in 52ms
35 info ok
