0 verbose cli D:\laragon\bin\nodejs\node-v18\node.exe D:\laragon\bin\nodejs\node-v18\node_modules\npm\bin\npm-cli.js
1 info using npm@8.18.0
2 info using node@v18.8.0
3 timing npm:load:whichnode Completed in 0ms
4 timing config:load:defaults Completed in 2ms
5 timing config:load:file:D:\laragon\bin\nodejs\node-v18\node_modules\npm\npmrc Completed in 3ms
6 timing config:load:builtin Completed in 4ms
7 timing config:load:cli Completed in 1ms
8 timing config:load:env Completed in 1ms
9 timing config:load:file:D:\laragon\www\Agile-main\Agile-main\.npmrc Completed in 0ms
10 timing config:load:project Completed in 4ms
11 timing config:load:file:C:\Users\Admin\.npmrc Completed in 1ms
12 timing config:load:user Completed in 1ms
13 timing config:load:file:C:\Users\Admin\AppData\Roaming\npm\etc\npmrc Completed in 0ms
14 timing config:load:global Completed in 0ms
15 timing config:load:validate Completed in 1ms
16 timing config:load:credentials Completed in 1ms
17 timing config:load:setEnvs Completed in 0ms
18 timing config:load Completed in 15ms
19 timing npm:load:configload Completed in 15ms
20 timing npm:load:mkdirpcache Completed in 1ms
21 timing npm:load:mkdirplogs Completed in 1ms
22 verbose title npm install
23 verbose argv "install"
24 timing npm:load:setTitle Completed in 1ms
25 timing config:load:flatten Completed in 2ms
26 timing npm:load:display Completed in 3ms
27 verbose logfile logs-max:10 dir:D:\laragon\www\Agile-main\Agile-main\clean\_logs
28 verbose logfile D:\laragon\www\Agile-main\Agile-main\clean\_logs\2025-04-11T16_02_45_481Z-debug-0.log
29 timing npm:load:logFile Completed in 5ms
30 timing npm:load:timers Completed in 0ms
31 timing npm:load:configScope Completed in 0ms
32 timing npm:load Completed in 26ms
33 timing arborist:ctor Completed in 1ms
34 silly logfile done cleaning log files
35 timing idealTree:init Completed in 88ms
36 timing idealTree:userRequests Completed in 0ms
37 silly idealTree buildDeps
38 timing idealTree:#root Completed in 0ms
39 timing idealTree:buildDeps Completed in 2ms
40 timing idealTree:fixDepFlags Completed in 0ms
41 timing idealTree Completed in 94ms
42 timing reify:loadTrees Completed in 101ms
43 timing reify:diffTrees Completed in 2ms
44 silly reify moves {}
45 timing reify:retireShallow Completed in 1ms
46 timing reify:createSparse Completed in 44ms
47 timing reify:loadBundles Completed in 0ms
48 silly audit bulk request {
48 silly audit   '@esbuild/aix-ppc64': [ '0.25.1' ],
48 silly audit   '@esbuild/android-arm': [ '0.25.1' ],
48 silly audit   '@esbuild/android-arm64': [ '0.25.1' ],
48 silly audit   '@esbuild/android-x64': [ '0.25.1' ],
48 silly audit   '@esbuild/darwin-arm64': [ '0.25.1' ],
48 silly audit   '@esbuild/darwin-x64': [ '0.25.1' ],
48 silly audit   '@esbuild/freebsd-arm64': [ '0.25.1' ],
48 silly audit   '@esbuild/freebsd-x64': [ '0.25.1' ],
48 silly audit   '@esbuild/linux-arm': [ '0.25.1' ],
48 silly audit   '@esbuild/linux-arm64': [ '0.25.1' ],
48 silly audit   '@esbuild/linux-ia32': [ '0.25.1' ],
48 silly audit   '@esbuild/linux-loong64': [ '0.25.1' ],
48 silly audit   '@esbuild/linux-mips64el': [ '0.25.1' ],
48 silly audit   '@esbuild/linux-ppc64': [ '0.25.1' ],
48 silly audit   '@esbuild/linux-riscv64': [ '0.25.1' ],
48 silly audit   '@esbuild/linux-s390x': [ '0.25.1' ],
48 silly audit   '@esbuild/linux-x64': [ '0.25.1' ],
48 silly audit   '@esbuild/netbsd-arm64': [ '0.25.1' ],
48 silly audit   '@esbuild/netbsd-x64': [ '0.25.1' ],
48 silly audit   '@esbuild/openbsd-arm64': [ '0.25.1' ],
48 silly audit   '@esbuild/openbsd-x64': [ '0.25.1' ],
48 silly audit   '@esbuild/sunos-x64': [ '0.25.1' ],
48 silly audit   '@esbuild/win32-arm64': [ '0.25.1' ],
48 silly audit   '@esbuild/win32-ia32': [ '0.25.1' ],
48 silly audit   '@esbuild/win32-x64': [ '0.25.1' ],
48 silly audit   '@rollup/rollup-android-arm-eabi': [ '4.37.0' ],
48 silly audit   '@rollup/rollup-android-arm64': [ '4.37.0' ],
48 silly audit   '@rollup/rollup-darwin-arm64': [ '4.37.0' ],
48 silly audit   '@rollup/rollup-darwin-x64': [ '4.37.0' ],
48 silly audit   '@rollup/rollup-freebsd-arm64': [ '4.37.0' ],
48 silly audit   '@rollup/rollup-freebsd-x64': [ '4.37.0' ],
48 silly audit   '@rollup/rollup-linux-arm-gnueabihf': [ '4.37.0' ],
48 silly audit   '@rollup/rollup-linux-arm-musleabihf': [ '4.37.0' ],
48 silly audit   '@rollup/rollup-linux-arm64-gnu': [ '4.37.0' ],
48 silly audit   '@rollup/rollup-linux-arm64-musl': [ '4.37.0' ],
48 silly audit   '@rollup/rollup-linux-loongarch64-gnu': [ '4.37.0' ],
48 silly audit   '@rollup/rollup-linux-powerpc64le-gnu': [ '4.37.0' ],
48 silly audit   '@rollup/rollup-linux-riscv64-gnu': [ '4.37.0' ],
48 silly audit   '@rollup/rollup-linux-riscv64-musl': [ '4.37.0' ],
48 silly audit   '@rollup/rollup-linux-s390x-gnu': [ '4.37.0' ],
48 silly audit   '@rollup/rollup-linux-x64-gnu': [ '4.37.0' ],
48 silly audit   '@rollup/rollup-linux-x64-musl': [ '4.37.0' ],
48 silly audit   '@rollup/rollup-win32-arm64-msvc': [ '4.37.0' ],
48 silly audit   '@rollup/rollup-win32-ia32-msvc': [ '4.37.0' ],
48 silly audit   '@rollup/rollup-win32-x64-msvc': [ '4.37.0' ],
48 silly audit   '@tailwindcss/node': [ '4.0.17' ],
48 silly audit   '@tailwindcss/oxide': [ '4.0.17' ],
48 silly audit   '@tailwindcss/oxide-android-arm64': [ '4.0.17' ],
48 silly audit   '@tailwindcss/oxide-darwin-arm64': [ '4.0.17' ],
48 silly audit   '@tailwindcss/oxide-darwin-x64': [ '4.0.17' ],
48 silly audit   '@tailwindcss/oxide-freebsd-x64': [ '4.0.17' ],
48 silly audit   '@tailwindcss/oxide-linux-arm-gnueabihf': [ '4.0.17' ],
48 silly audit   '@tailwindcss/oxide-linux-arm64-gnu': [ '4.0.17' ],
48 silly audit   '@tailwindcss/oxide-linux-arm64-musl': [ '4.0.17' ],
48 silly audit   '@tailwindcss/oxide-linux-x64-gnu': [ '4.0.17' ],
48 silly audit   '@tailwindcss/oxide-linux-x64-musl': [ '4.0.17' ],
48 silly audit   '@tailwindcss/oxide-win32-arm64-msvc': [ '4.0.17' ],
48 silly audit   '@tailwindcss/oxide-win32-x64-msvc': [ '4.0.17' ],
48 silly audit   '@tailwindcss/vite': [ '4.0.17' ],
48 silly audit   '@types/estree': [ '1.0.6' ],
48 silly audit   'ansi-regex': [ '5.0.1' ],
48 silly audit   'ansi-styles': [ '4.3.0' ],
48 silly audit   asynckit: [ '0.4.0' ],
48 silly audit   axios: [ '1.8.4' ],
48 silly audit   'call-bind-apply-helpers': [ '1.0.2' ],
48 silly audit   chalk: [ '4.1.2' ],
48 silly audit   'supports-color': [ '7.2.0', '8.1.1' ],
48 silly audit   cliui: [ '8.0.1' ],
48 silly audit   'color-convert': [ '2.0.1' ],
48 silly audit   'color-name': [ '1.1.4' ],
48 silly audit   'combined-stream': [ '1.0.8' ],
48 silly audit   concurrently: [ '9.1.2' ],
48 silly audit   'delayed-stream': [ '1.0.0' ],
48 silly audit   'detect-libc': [ '2.0.3' ],
48 silly audit   'dunder-proto': [ '1.0.1' ],
48 silly audit   'emoji-regex': [ '8.0.0' ],
48 silly audit   'enhanced-resolve': [ '5.18.1' ],
48 silly audit   'es-define-property': [ '1.0.1' ],
48 silly audit   'es-errors': [ '1.3.0' ],
48 silly audit   'es-object-atoms': [ '1.1.1' ],
48 silly audit   'es-set-tostringtag': [ '2.1.0' ],
48 silly audit   esbuild: [ '0.25.1' ],
48 silly audit   escalade: [ '3.2.0' ],
48 silly audit   'follow-redirects': [ '1.15.9' ],
48 silly audit   'form-data': [ '4.0.2' ],
48 silly audit   fsevents: [ '2.3.3' ],
48 silly audit   'function-bind': [ '1.1.2' ],
48 silly audit   'get-caller-file': [ '2.0.5' ],
48 silly audit   'get-intrinsic': [ '1.3.0' ],
48 silly audit   'get-proto': [ '1.0.1' ],
48 silly audit   gopd: [ '1.2.0' ],
48 silly audit   'graceful-fs': [ '4.2.11' ],
48 silly audit   'has-flag': [ '4.0.0' ],
48 silly audit   'has-symbols': [ '1.1.0' ],
48 silly audit   'has-tostringtag': [ '1.0.2' ],
48 silly audit   hasown: [ '2.0.2' ],
48 silly audit   'is-fullwidth-code-point': [ '3.0.0' ],
48 silly audit   jiti: [ '2.4.2' ],
48 silly audit   'laravel-vite-plugin': [ '1.2.0' ],
48 silly audit   lightningcss: [ '1.29.2' ],
48 silly audit   'lightningcss-darwin-arm64': [ '1.29.2' ],
48 silly audit   'lightningcss-darwin-x64': [ '1.29.2' ],
48 silly audit   'lightningcss-freebsd-x64': [ '1.29.2' ],
48 silly audit   'lightningcss-linux-arm-gnueabihf': [ '1.29.2' ],
48 silly audit   'lightningcss-linux-arm64-gnu': [ '1.29.2' ],
48 silly audit   'lightningcss-linux-arm64-musl': [ '1.29.2' ],
48 silly audit   'lightningcss-linux-x64-gnu': [ '1.29.2' ],
48 silly audit   'lightningcss-linux-x64-musl': [ '1.29.2' ],
48 silly audit   'lightningcss-win32-arm64-msvc': [ '1.29.2' ],
48 silly audit   'lightningcss-win32-x64-msvc': [ '1.29.2' ],
48 silly audit   lodash: [ '4.17.21' ],
48 silly audit   'math-intrinsics': [ '1.1.0' ],
48 silly audit   'mime-db': [ '1.52.0' ],
48 silly audit   'mime-types': [ '2.1.35' ],
48 silly audit   nanoid: [ '3.3.11' ],
48 silly audit   picocolors: [ '1.1.1' ],
48 silly audit   picomatch: [ '2.3.1' ],
48 silly audit   postcss: [ '8.5.3' ],
48 silly audit   'proxy-from-env': [ '1.1.0' ],
48 silly audit   'require-directory': [ '2.1.1' ],
48 silly audit   rollup: [ '4.37.0' ],
48 silly audit   rxjs: [ '7.8.2' ],
48 silly audit   'shell-quote': [ '1.8.2' ],
48 silly audit   'source-map-js': [ '1.2.1' ],
48 silly audit   'string-width': [ '4.2.3' ],
48 silly audit   'strip-ansi': [ '6.0.1' ],
48 silly audit   tailwindcss: [ '4.0.17' ],
48 silly audit   tapable: [ '2.2.1' ],
48 silly audit   'tree-kill': [ '1.2.2' ],
48 silly audit   tslib: [ '2.8.1' ],
48 silly audit   vite: [ '6.2.3' ],
48 silly audit   'vite-plugin-full-reload': [ '1.2.0' ],
48 silly audit   'wrap-ansi': [ '7.0.0' ],
48 silly audit   y18n: [ '5.0.8' ],
48 silly audit   yargs: [ '17.7.2' ],
48 silly audit   'yargs-parser': [ '21.1.1' ]
48 silly audit }
49 verbose reify failed optional dependency D:\laragon\www\Agile-main\Agile-main\node_modules\lightningcss-win32-arm64-msvc
50 silly reify mark deleted [
50 silly reify   'D:\\laragon\\www\\Agile-main\\Agile-main\\node_modules\\lightningcss-win32-arm64-msvc'
50 silly reify ]
51 verbose reify failed optional dependency D:\laragon\www\Agile-main\Agile-main\node_modules\lightningcss-linux-x64-musl
52 silly reify mark deleted [
52 silly reify   'D:\\laragon\\www\\Agile-main\\Agile-main\\node_modules\\lightningcss-linux-x64-musl'
52 silly reify ]
53 verbose reify failed optional dependency D:\laragon\www\Agile-main\Agile-main\node_modules\lightningcss-linux-x64-gnu
54 silly reify mark deleted [
54 silly reify   'D:\\laragon\\www\\Agile-main\\Agile-main\\node_modules\\lightningcss-linux-x64-gnu'
54 silly reify ]
55 verbose reify failed optional dependency D:\laragon\www\Agile-main\Agile-main\node_modules\lightningcss-linux-arm64-musl
56 silly reify mark deleted [
56 silly reify   'D:\\laragon\\www\\Agile-main\\Agile-main\\node_modules\\lightningcss-linux-arm64-musl'
56 silly reify ]
57 verbose reify failed optional dependency D:\laragon\www\Agile-main\Agile-main\node_modules\lightningcss-linux-arm64-gnu
58 silly reify mark deleted [
58 silly reify   'D:\\laragon\\www\\Agile-main\\Agile-main\\node_modules\\lightningcss-linux-arm64-gnu'
58 silly reify ]
59 verbose reify failed optional dependency D:\laragon\www\Agile-main\Agile-main\node_modules\lightningcss-linux-arm-gnueabihf
60 silly reify mark deleted [
60 silly reify   'D:\\laragon\\www\\Agile-main\\Agile-main\\node_modules\\lightningcss-linux-arm-gnueabihf'
60 silly reify ]
61 verbose reify failed optional dependency D:\laragon\www\Agile-main\Agile-main\node_modules\lightningcss-freebsd-x64
62 silly reify mark deleted [
62 silly reify   'D:\\laragon\\www\\Agile-main\\Agile-main\\node_modules\\lightningcss-freebsd-x64'
62 silly reify ]
63 verbose reify failed optional dependency D:\laragon\www\Agile-main\Agile-main\node_modules\lightningcss-darwin-x64
64 silly reify mark deleted [
64 silly reify   'D:\\laragon\\www\\Agile-main\\Agile-main\\node_modules\\lightningcss-darwin-x64'
64 silly reify ]
65 verbose reify failed optional dependency D:\laragon\www\Agile-main\Agile-main\node_modules\lightningcss-darwin-arm64
66 silly reify mark deleted [
66 silly reify   'D:\\laragon\\www\\Agile-main\\Agile-main\\node_modules\\lightningcss-darwin-arm64'
66 silly reify ]
67 verbose reify failed optional dependency D:\laragon\www\Agile-main\Agile-main\node_modules\fsevents
68 silly reify mark deleted [ 'D:\\laragon\\www\\Agile-main\\Agile-main\\node_modules\\fsevents' ]
69 verbose reify failed optional dependency D:\laragon\www\Agile-main\Agile-main\node_modules\@tailwindcss\oxide-win32-arm64-msvc
70 silly reify mark deleted [
70 silly reify   'D:\\laragon\\www\\Agile-main\\Agile-main\\node_modules\\@tailwindcss\\oxide-win32-arm64-msvc'
70 silly reify ]
71 verbose reify failed optional dependency D:\laragon\www\Agile-main\Agile-main\node_modules\@tailwindcss\oxide-linux-x64-musl
72 silly reify mark deleted [
72 silly reify   'D:\\laragon\\www\\Agile-main\\Agile-main\\node_modules\\@tailwindcss\\oxide-linux-x64-musl'
72 silly reify ]
73 verbose reify failed optional dependency D:\laragon\www\Agile-main\Agile-main\node_modules\@tailwindcss\oxide-linux-x64-gnu
74 silly reify mark deleted [
74 silly reify   'D:\\laragon\\www\\Agile-main\\Agile-main\\node_modules\\@tailwindcss\\oxide-linux-x64-gnu'
74 silly reify ]
75 verbose reify failed optional dependency D:\laragon\www\Agile-main\Agile-main\node_modules\@tailwindcss\oxide-linux-arm64-musl
76 silly reify mark deleted [
76 silly reify   'D:\\laragon\\www\\Agile-main\\Agile-main\\node_modules\\@tailwindcss\\oxide-linux-arm64-musl'
76 silly reify ]
77 verbose reify failed optional dependency D:\laragon\www\Agile-main\Agile-main\node_modules\@tailwindcss\oxide-linux-arm64-gnu
78 silly reify mark deleted [
78 silly reify   'D:\\laragon\\www\\Agile-main\\Agile-main\\node_modules\\@tailwindcss\\oxide-linux-arm64-gnu'
78 silly reify ]
79 verbose reify failed optional dependency D:\laragon\www\Agile-main\Agile-main\node_modules\@tailwindcss\oxide-linux-arm-gnueabihf
80 silly reify mark deleted [
80 silly reify   'D:\\laragon\\www\\Agile-main\\Agile-main\\node_modules\\@tailwindcss\\oxide-linux-arm-gnueabihf'
80 silly reify ]
81 verbose reify failed optional dependency D:\laragon\www\Agile-main\Agile-main\node_modules\@tailwindcss\oxide-freebsd-x64
82 silly reify mark deleted [
82 silly reify   'D:\\laragon\\www\\Agile-main\\Agile-main\\node_modules\\@tailwindcss\\oxide-freebsd-x64'
82 silly reify ]
83 verbose reify failed optional dependency D:\laragon\www\Agile-main\Agile-main\node_modules\@tailwindcss\oxide-darwin-x64
84 silly reify mark deleted [
84 silly reify   'D:\\laragon\\www\\Agile-main\\Agile-main\\node_modules\\@tailwindcss\\oxide-darwin-x64'
84 silly reify ]
85 verbose reify failed optional dependency D:\laragon\www\Agile-main\Agile-main\node_modules\@tailwindcss\oxide-darwin-arm64
86 silly reify mark deleted [
86 silly reify   'D:\\laragon\\www\\Agile-main\\Agile-main\\node_modules\\@tailwindcss\\oxide-darwin-arm64'
86 silly reify ]
87 verbose reify failed optional dependency D:\laragon\www\Agile-main\Agile-main\node_modules\@tailwindcss\oxide-android-arm64
88 silly reify mark deleted [
88 silly reify   'D:\\laragon\\www\\Agile-main\\Agile-main\\node_modules\\@tailwindcss\\oxide-android-arm64'
88 silly reify ]
89 verbose reify failed optional dependency D:\laragon\www\Agile-main\Agile-main\node_modules\@rollup\rollup-win32-ia32-msvc
90 silly reify mark deleted [
90 silly reify   'D:\\laragon\\www\\Agile-main\\Agile-main\\node_modules\\@rollup\\rollup-win32-ia32-msvc'
90 silly reify ]
91 verbose reify failed optional dependency D:\laragon\www\Agile-main\Agile-main\node_modules\@rollup\rollup-win32-arm64-msvc
92 silly reify mark deleted [
92 silly reify   'D:\\laragon\\www\\Agile-main\\Agile-main\\node_modules\\@rollup\\rollup-win32-arm64-msvc'
92 silly reify ]
93 verbose reify failed optional dependency D:\laragon\www\Agile-main\Agile-main\node_modules\@rollup\rollup-linux-x64-musl
94 silly reify mark deleted [
94 silly reify   'D:\\laragon\\www\\Agile-main\\Agile-main\\node_modules\\@rollup\\rollup-linux-x64-musl'
94 silly reify ]
95 verbose reify failed optional dependency D:\laragon\www\Agile-main\Agile-main\node_modules\@rollup\rollup-linux-x64-gnu
96 silly reify mark deleted [
96 silly reify   'D:\\laragon\\www\\Agile-main\\Agile-main\\node_modules\\@rollup\\rollup-linux-x64-gnu'
96 silly reify ]
97 verbose reify failed optional dependency D:\laragon\www\Agile-main\Agile-main\node_modules\@rollup\rollup-linux-s390x-gnu
98 silly reify mark deleted [
98 silly reify   'D:\\laragon\\www\\Agile-main\\Agile-main\\node_modules\\@rollup\\rollup-linux-s390x-gnu'
98 silly reify ]
99 verbose reify failed optional dependency D:\laragon\www\Agile-main\Agile-main\node_modules\@rollup\rollup-linux-riscv64-musl
100 silly reify mark deleted [
100 silly reify   'D:\\laragon\\www\\Agile-main\\Agile-main\\node_modules\\@rollup\\rollup-linux-riscv64-musl'
100 silly reify ]
101 verbose reify failed optional dependency D:\laragon\www\Agile-main\Agile-main\node_modules\@rollup\rollup-linux-riscv64-gnu
102 silly reify mark deleted [
102 silly reify   'D:\\laragon\\www\\Agile-main\\Agile-main\\node_modules\\@rollup\\rollup-linux-riscv64-gnu'
102 silly reify ]
103 verbose reify failed optional dependency D:\laragon\www\Agile-main\Agile-main\node_modules\@rollup\rollup-linux-powerpc64le-gnu
104 silly reify mark deleted [
104 silly reify   'D:\\laragon\\www\\Agile-main\\Agile-main\\node_modules\\@rollup\\rollup-linux-powerpc64le-gnu'
104 silly reify ]
105 verbose reify failed optional dependency D:\laragon\www\Agile-main\Agile-main\node_modules\@rollup\rollup-linux-loongarch64-gnu
106 silly reify mark deleted [
106 silly reify   'D:\\laragon\\www\\Agile-main\\Agile-main\\node_modules\\@rollup\\rollup-linux-loongarch64-gnu'
106 silly reify ]
107 verbose reify failed optional dependency D:\laragon\www\Agile-main\Agile-main\node_modules\@rollup\rollup-linux-arm64-musl
108 silly reify mark deleted [
108 silly reify   'D:\\laragon\\www\\Agile-main\\Agile-main\\node_modules\\@rollup\\rollup-linux-arm64-musl'
108 silly reify ]
109 verbose reify failed optional dependency D:\laragon\www\Agile-main\Agile-main\node_modules\@rollup\rollup-linux-arm64-gnu
110 silly reify mark deleted [
110 silly reify   'D:\\laragon\\www\\Agile-main\\Agile-main\\node_modules\\@rollup\\rollup-linux-arm64-gnu'
110 silly reify ]
111 verbose reify failed optional dependency D:\laragon\www\Agile-main\Agile-main\node_modules\@rollup\rollup-linux-arm-musleabihf
112 silly reify mark deleted [
112 silly reify   'D:\\laragon\\www\\Agile-main\\Agile-main\\node_modules\\@rollup\\rollup-linux-arm-musleabihf'
112 silly reify ]
113 verbose reify failed optional dependency D:\laragon\www\Agile-main\Agile-main\node_modules\@rollup\rollup-linux-arm-gnueabihf
114 silly reify mark deleted [
114 silly reify   'D:\\laragon\\www\\Agile-main\\Agile-main\\node_modules\\@rollup\\rollup-linux-arm-gnueabihf'
114 silly reify ]
115 verbose reify failed optional dependency D:\laragon\www\Agile-main\Agile-main\node_modules\@rollup\rollup-freebsd-x64
116 silly reify mark deleted [
116 silly reify   'D:\\laragon\\www\\Agile-main\\Agile-main\\node_modules\\@rollup\\rollup-freebsd-x64'
116 silly reify ]
117 verbose reify failed optional dependency D:\laragon\www\Agile-main\Agile-main\node_modules\@rollup\rollup-freebsd-arm64
118 silly reify mark deleted [
118 silly reify   'D:\\laragon\\www\\Agile-main\\Agile-main\\node_modules\\@rollup\\rollup-freebsd-arm64'
118 silly reify ]
119 verbose reify failed optional dependency D:\laragon\www\Agile-main\Agile-main\node_modules\@rollup\rollup-darwin-x64
120 silly reify mark deleted [
120 silly reify   'D:\\laragon\\www\\Agile-main\\Agile-main\\node_modules\\@rollup\\rollup-darwin-x64'
120 silly reify ]
121 verbose reify failed optional dependency D:\laragon\www\Agile-main\Agile-main\node_modules\@rollup\rollup-darwin-arm64
122 silly reify mark deleted [
122 silly reify   'D:\\laragon\\www\\Agile-main\\Agile-main\\node_modules\\@rollup\\rollup-darwin-arm64'
122 silly reify ]
123 verbose reify failed optional dependency D:\laragon\www\Agile-main\Agile-main\node_modules\@rollup\rollup-android-arm64
124 silly reify mark deleted [
124 silly reify   'D:\\laragon\\www\\Agile-main\\Agile-main\\node_modules\\@rollup\\rollup-android-arm64'
124 silly reify ]
125 verbose reify failed optional dependency D:\laragon\www\Agile-main\Agile-main\node_modules\@rollup\rollup-android-arm-eabi
126 silly reify mark deleted [
126 silly reify   'D:\\laragon\\www\\Agile-main\\Agile-main\\node_modules\\@rollup\\rollup-android-arm-eabi'
126 silly reify ]
127 verbose reify failed optional dependency D:\laragon\www\Agile-main\Agile-main\node_modules\@esbuild\win32-ia32
128 silly reify mark deleted [
128 silly reify   'D:\\laragon\\www\\Agile-main\\Agile-main\\node_modules\\@esbuild\\win32-ia32'
128 silly reify ]
129 verbose reify failed optional dependency D:\laragon\www\Agile-main\Agile-main\node_modules\@esbuild\win32-arm64
130 silly reify mark deleted [
130 silly reify   'D:\\laragon\\www\\Agile-main\\Agile-main\\node_modules\\@esbuild\\win32-arm64'
130 silly reify ]
131 verbose reify failed optional dependency D:\laragon\www\Agile-main\Agile-main\node_modules\@esbuild\sunos-x64
132 silly reify mark deleted [
132 silly reify   'D:\\laragon\\www\\Agile-main\\Agile-main\\node_modules\\@esbuild\\sunos-x64'
132 silly reify ]
133 verbose reify failed optional dependency D:\laragon\www\Agile-main\Agile-main\node_modules\@esbuild\openbsd-x64
134 silly reify mark deleted [
134 silly reify   'D:\\laragon\\www\\Agile-main\\Agile-main\\node_modules\\@esbuild\\openbsd-x64'
134 silly reify ]
135 verbose reify failed optional dependency D:\laragon\www\Agile-main\Agile-main\node_modules\@esbuild\openbsd-arm64
136 silly reify mark deleted [
136 silly reify   'D:\\laragon\\www\\Agile-main\\Agile-main\\node_modules\\@esbuild\\openbsd-arm64'
136 silly reify ]
137 verbose reify failed optional dependency D:\laragon\www\Agile-main\Agile-main\node_modules\@esbuild\netbsd-x64
138 silly reify mark deleted [
138 silly reify   'D:\\laragon\\www\\Agile-main\\Agile-main\\node_modules\\@esbuild\\netbsd-x64'
138 silly reify ]
139 verbose reify failed optional dependency D:\laragon\www\Agile-main\Agile-main\node_modules\@esbuild\netbsd-arm64
140 silly reify mark deleted [
140 silly reify   'D:\\laragon\\www\\Agile-main\\Agile-main\\node_modules\\@esbuild\\netbsd-arm64'
140 silly reify ]
141 verbose reify failed optional dependency D:\laragon\www\Agile-main\Agile-main\node_modules\@esbuild\linux-x64
142 silly reify mark deleted [
142 silly reify   'D:\\laragon\\www\\Agile-main\\Agile-main\\node_modules\\@esbuild\\linux-x64'
142 silly reify ]
143 verbose reify failed optional dependency D:\laragon\www\Agile-main\Agile-main\node_modules\@esbuild\linux-s390x
144 silly reify mark deleted [
144 silly reify   'D:\\laragon\\www\\Agile-main\\Agile-main\\node_modules\\@esbuild\\linux-s390x'
144 silly reify ]
145 verbose reify failed optional dependency D:\laragon\www\Agile-main\Agile-main\node_modules\@esbuild\linux-riscv64
146 silly reify mark deleted [
146 silly reify   'D:\\laragon\\www\\Agile-main\\Agile-main\\node_modules\\@esbuild\\linux-riscv64'
146 silly reify ]
147 verbose reify failed optional dependency D:\laragon\www\Agile-main\Agile-main\node_modules\@esbuild\linux-ppc64
148 silly reify mark deleted [
148 silly reify   'D:\\laragon\\www\\Agile-main\\Agile-main\\node_modules\\@esbuild\\linux-ppc64'
148 silly reify ]
149 verbose reify failed optional dependency D:\laragon\www\Agile-main\Agile-main\node_modules\@esbuild\linux-mips64el
150 silly reify mark deleted [
150 silly reify   'D:\\laragon\\www\\Agile-main\\Agile-main\\node_modules\\@esbuild\\linux-mips64el'
150 silly reify ]
151 verbose reify failed optional dependency D:\laragon\www\Agile-main\Agile-main\node_modules\@esbuild\linux-loong64
152 silly reify mark deleted [
152 silly reify   'D:\\laragon\\www\\Agile-main\\Agile-main\\node_modules\\@esbuild\\linux-loong64'
152 silly reify ]
153 verbose reify failed optional dependency D:\laragon\www\Agile-main\Agile-main\node_modules\@esbuild\linux-ia32
154 silly reify mark deleted [
154 silly reify   'D:\\laragon\\www\\Agile-main\\Agile-main\\node_modules\\@esbuild\\linux-ia32'
154 silly reify ]
155 verbose reify failed optional dependency D:\laragon\www\Agile-main\Agile-main\node_modules\@esbuild\linux-arm64
156 silly reify mark deleted [
156 silly reify   'D:\\laragon\\www\\Agile-main\\Agile-main\\node_modules\\@esbuild\\linux-arm64'
156 silly reify ]
157 verbose reify failed optional dependency D:\laragon\www\Agile-main\Agile-main\node_modules\@esbuild\linux-arm
158 silly reify mark deleted [
158 silly reify   'D:\\laragon\\www\\Agile-main\\Agile-main\\node_modules\\@esbuild\\linux-arm'
158 silly reify ]
159 verbose reify failed optional dependency D:\laragon\www\Agile-main\Agile-main\node_modules\@esbuild\freebsd-x64
160 silly reify mark deleted [
160 silly reify   'D:\\laragon\\www\\Agile-main\\Agile-main\\node_modules\\@esbuild\\freebsd-x64'
160 silly reify ]
161 verbose reify failed optional dependency D:\laragon\www\Agile-main\Agile-main\node_modules\@esbuild\freebsd-arm64
162 silly reify mark deleted [
162 silly reify   'D:\\laragon\\www\\Agile-main\\Agile-main\\node_modules\\@esbuild\\freebsd-arm64'
162 silly reify ]
163 verbose reify failed optional dependency D:\laragon\www\Agile-main\Agile-main\node_modules\@esbuild\darwin-x64
164 silly reify mark deleted [
164 silly reify   'D:\\laragon\\www\\Agile-main\\Agile-main\\node_modules\\@esbuild\\darwin-x64'
164 silly reify ]
165 verbose reify failed optional dependency D:\laragon\www\Agile-main\Agile-main\node_modules\@esbuild\darwin-arm64
166 silly reify mark deleted [
166 silly reify   'D:\\laragon\\www\\Agile-main\\Agile-main\\node_modules\\@esbuild\\darwin-arm64'
166 silly reify ]
167 verbose reify failed optional dependency D:\laragon\www\Agile-main\Agile-main\node_modules\@esbuild\android-x64
168 silly reify mark deleted [
168 silly reify   'D:\\laragon\\www\\Agile-main\\Agile-main\\node_modules\\@esbuild\\android-x64'
168 silly reify ]
169 verbose reify failed optional dependency D:\laragon\www\Agile-main\Agile-main\node_modules\@esbuild\android-arm64
170 silly reify mark deleted [
170 silly reify   'D:\\laragon\\www\\Agile-main\\Agile-main\\node_modules\\@esbuild\\android-arm64'
170 silly reify ]
171 verbose reify failed optional dependency D:\laragon\www\Agile-main\Agile-main\node_modules\@esbuild\android-arm
172 silly reify mark deleted [
172 silly reify   'D:\\laragon\\www\\Agile-main\\Agile-main\\node_modules\\@esbuild\\android-arm'
172 silly reify ]
173 verbose reify failed optional dependency D:\laragon\www\Agile-main\Agile-main\node_modules\@esbuild\aix-ppc64
174 silly reify mark deleted [
174 silly reify   'D:\\laragon\\www\\Agile-main\\Agile-main\\node_modules\\@esbuild\\aix-ppc64'
174 silly reify ]
175 timing reifyNode:node_modules/lightningcss-win32-arm64-msvc Completed in 46ms
176 timing reifyNode:node_modules/lightningcss-linux-x64-musl Completed in 47ms
177 timing reifyNode:node_modules/lightningcss-linux-x64-gnu Completed in 47ms
178 timing reifyNode:node_modules/lightningcss-linux-arm64-musl Completed in 47ms
179 timing reifyNode:node_modules/lightningcss-linux-arm64-gnu Completed in 47ms
180 timing reifyNode:node_modules/lightningcss-linux-arm-gnueabihf Completed in 47ms
181 timing reifyNode:node_modules/lightningcss-freebsd-x64 Completed in 47ms
182 timing reifyNode:node_modules/lightningcss-darwin-x64 Completed in 46ms
183 timing reifyNode:node_modules/lightningcss-darwin-arm64 Completed in 46ms
184 timing reifyNode:node_modules/fsevents Completed in 46ms
185 timing reifyNode:node_modules/@tailwindcss/oxide-win32-arm64-msvc Completed in 44ms
186 timing reifyNode:node_modules/@tailwindcss/oxide-linux-x64-musl Completed in 44ms
187 timing reifyNode:node_modules/@tailwindcss/oxide-linux-x64-gnu Completed in 44ms
188 timing reifyNode:node_modules/@tailwindcss/oxide-linux-arm64-musl Completed in 45ms
189 timing reifyNode:node_modules/@tailwindcss/oxide-linux-arm64-gnu Completed in 45ms
190 timing reifyNode:node_modules/@tailwindcss/oxide-linux-arm-gnueabihf Completed in 45ms
191 timing reifyNode:node_modules/@tailwindcss/oxide-freebsd-x64 Completed in 45ms
192 timing reifyNode:node_modules/@tailwindcss/oxide-darwin-x64 Completed in 45ms
193 timing reifyNode:node_modules/@tailwindcss/oxide-darwin-arm64 Completed in 44ms
194 timing reifyNode:node_modules/@tailwindcss/oxide-android-arm64 Completed in 44ms
195 timing reifyNode:node_modules/@rollup/rollup-win32-ia32-msvc Completed in 44ms
196 timing reifyNode:node_modules/@rollup/rollup-win32-arm64-msvc Completed in 44ms
197 timing reifyNode:node_modules/@rollup/rollup-linux-x64-musl Completed in 44ms
198 timing reifyNode:node_modules/@rollup/rollup-linux-x64-gnu Completed in 45ms
199 timing reifyNode:node_modules/@rollup/rollup-linux-s390x-gnu Completed in 45ms
200 timing reifyNode:node_modules/@rollup/rollup-linux-riscv64-musl Completed in 45ms
201 timing reifyNode:node_modules/@rollup/rollup-linux-riscv64-gnu Completed in 43ms
202 timing reifyNode:node_modules/@rollup/rollup-linux-powerpc64le-gnu Completed in 43ms
203 timing reifyNode:node_modules/@rollup/rollup-linux-loongarch64-gnu Completed in 43ms
204 timing reifyNode:node_modules/@rollup/rollup-linux-arm64-musl Completed in 43ms
205 timing reifyNode:node_modules/@rollup/rollup-linux-arm64-gnu Completed in 43ms
206 timing reifyNode:node_modules/@rollup/rollup-linux-arm-musleabihf Completed in 43ms
207 timing reifyNode:node_modules/@rollup/rollup-linux-arm-gnueabihf Completed in 43ms
208 timing reifyNode:node_modules/@rollup/rollup-freebsd-x64 Completed in 43ms
209 timing reifyNode:node_modules/@rollup/rollup-freebsd-arm64 Completed in 43ms
210 timing reifyNode:node_modules/@rollup/rollup-darwin-x64 Completed in 43ms
211 timing reifyNode:node_modules/@rollup/rollup-darwin-arm64 Completed in 43ms
212 timing reifyNode:node_modules/@rollup/rollup-android-arm64 Completed in 43ms
213 timing reifyNode:node_modules/@rollup/rollup-android-arm-eabi Completed in 43ms
214 timing reifyNode:node_modules/@esbuild/win32-ia32 Completed in 43ms
215 timing reifyNode:node_modules/@esbuild/win32-arm64 Completed in 43ms
216 timing reifyNode:node_modules/@esbuild/sunos-x64 Completed in 43ms
217 timing reifyNode:node_modules/@esbuild/openbsd-x64 Completed in 43ms
218 timing reifyNode:node_modules/@esbuild/openbsd-arm64 Completed in 43ms
219 timing reifyNode:node_modules/@esbuild/netbsd-x64 Completed in 44ms
220 timing reifyNode:node_modules/@esbuild/netbsd-arm64 Completed in 44ms
221 timing reifyNode:node_modules/@esbuild/linux-x64 Completed in 44ms
222 timing reifyNode:node_modules/@esbuild/linux-s390x Completed in 44ms
223 timing reifyNode:node_modules/@esbuild/linux-riscv64 Completed in 44ms
224 timing reifyNode:node_modules/@esbuild/linux-ppc64 Completed in 44ms
225 timing reifyNode:node_modules/@esbuild/linux-mips64el Completed in 44ms
226 timing reifyNode:node_modules/@esbuild/linux-loong64 Completed in 44ms
227 timing reifyNode:node_modules/@esbuild/linux-ia32 Completed in 43ms
228 timing reifyNode:node_modules/@esbuild/linux-arm64 Completed in 43ms
229 timing reifyNode:node_modules/@esbuild/linux-arm Completed in 43ms
230 timing reifyNode:node_modules/@esbuild/freebsd-x64 Completed in 43ms
231 timing reifyNode:node_modules/@esbuild/freebsd-arm64 Completed in 44ms
232 timing reifyNode:node_modules/@esbuild/darwin-x64 Completed in 44ms
233 timing reifyNode:node_modules/@esbuild/darwin-arm64 Completed in 44ms
234 timing reifyNode:node_modules/@esbuild/android-x64 Completed in 44ms
235 timing reifyNode:node_modules/@esbuild/android-arm64 Completed in 44ms
236 timing reifyNode:node_modules/@esbuild/android-arm Completed in 44ms
237 timing reifyNode:node_modules/@esbuild/aix-ppc64 Completed in 44ms
238 silly tarball no local data for y18n@https://registry.npmjs.org/y18n/-/y18n-5.0.8.tgz. Extracting by manifest.
239 silly tarball no local data for yargs@https://registry.npmjs.org/yargs/-/yargs-17.7.2.tgz. Extracting by manifest.
240 silly tarball no local data for wrap-ansi@https://registry.npmjs.org/wrap-ansi/-/wrap-ansi-7.0.0.tgz. Extracting by manifest.
241 silly tarball no local data for yargs-parser@https://registry.npmjs.org/yargs-parser/-/yargs-parser-21.1.1.tgz. Extracting by manifest.
242 silly tarball no local data for vite-plugin-full-reload@https://registry.npmjs.org/vite-plugin-full-reload/-/vite-plugin-full-reload-1.2.0.tgz. Extracting by manifest.
243 silly tarball no local data for vite@https://registry.npmjs.org/vite/-/vite-6.2.3.tgz. Extracting by manifest.
244 silly tarball no local data for tslib@https://registry.npmjs.org/tslib/-/tslib-2.8.1.tgz. Extracting by manifest.
245 silly tarball no local data for tapable@https://registry.npmjs.org/tapable/-/tapable-2.2.1.tgz. Extracting by manifest.
246 silly tarball no local data for tree-kill@https://registry.npmjs.org/tree-kill/-/tree-kill-1.2.2.tgz. Extracting by manifest.
247 silly tarball no local data for supports-color@https://registry.npmjs.org/supports-color/-/supports-color-8.1.1.tgz. Extracting by manifest.
248 silly tarball no local data for tailwindcss@https://registry.npmjs.org/tailwindcss/-/tailwindcss-4.0.17.tgz. Extracting by manifest.
249 silly tarball no local data for strip-ansi@https://registry.npmjs.org/strip-ansi/-/strip-ansi-6.0.1.tgz. Extracting by manifest.
250 silly tarball no local data for source-map-js@https://registry.npmjs.org/source-map-js/-/source-map-js-1.2.1.tgz. Extracting by manifest.
251 silly tarball no local data for string-width@https://registry.npmjs.org/string-width/-/string-width-4.2.3.tgz. Extracting by manifest.
252 silly tarball no local data for rxjs@https://registry.npmjs.org/rxjs/-/rxjs-7.8.2.tgz. Extracting by manifest.
253 silly tarball no local data for shell-quote@https://registry.npmjs.org/shell-quote/-/shell-quote-1.8.2.tgz. Extracting by manifest.
254 silly tarball no local data for rollup@https://registry.npmjs.org/rollup/-/rollup-4.37.0.tgz. Extracting by manifest.
255 silly tarball no local data for proxy-from-env@https://registry.npmjs.org/proxy-from-env/-/proxy-from-env-1.1.0.tgz. Extracting by manifest.
256 silly tarball no local data for require-directory@https://registry.npmjs.org/require-directory/-/require-directory-2.1.1.tgz. Extracting by manifest.
257 silly tarball no local data for picomatch@https://registry.npmjs.org/picomatch/-/picomatch-2.3.1.tgz. Extracting by manifest.
258 silly tarball no local data for postcss@https://registry.npmjs.org/postcss/-/postcss-8.5.3.tgz. Extracting by manifest.
259 silly tarball no local data for picocolors@https://registry.npmjs.org/picocolors/-/picocolors-1.1.1.tgz. Extracting by manifest.
260 silly tarball no local data for mime-types@https://registry.npmjs.org/mime-types/-/mime-types-2.1.35.tgz. Extracting by manifest.
261 silly tarball no local data for nanoid@https://registry.npmjs.org/nanoid/-/nanoid-3.3.11.tgz. Extracting by manifest.
262 silly tarball no local data for math-intrinsics@https://registry.npmjs.org/math-intrinsics/-/math-intrinsics-1.1.0.tgz. Extracting by manifest.
263 silly tarball no local data for mime-db@https://registry.npmjs.org/mime-db/-/mime-db-1.52.0.tgz. Extracting by manifest.
264 silly tarball no local data for lightningcss@https://registry.npmjs.org/lightningcss/-/lightningcss-1.29.2.tgz. Extracting by manifest.
265 silly tarball no local data for laravel-vite-plugin@https://registry.npmjs.org/laravel-vite-plugin/-/laravel-vite-plugin-1.2.0.tgz. Extracting by manifest.
266 silly tarball no local data for lightningcss-win32-x64-msvc@https://registry.npmjs.org/lightningcss-win32-x64-msvc/-/lightningcss-win32-x64-msvc-1.29.2.tgz. Extracting by manifest.
267 silly tarball no local data for lodash@https://registry.npmjs.org/lodash/-/lodash-4.17.21.tgz. Extracting by manifest.
268 silly tarball no local data for jiti@https://registry.npmjs.org/jiti/-/jiti-2.4.2.tgz. Extracting by manifest.
269 silly tarball no local data for is-fullwidth-code-point@https://registry.npmjs.org/is-fullwidth-code-point/-/is-fullwidth-code-point-3.0.0.tgz. Extracting by manifest.
270 silly tarball no local data for has-tostringtag@https://registry.npmjs.org/has-tostringtag/-/has-tostringtag-1.0.2.tgz. Extracting by manifest.
271 silly tarball no local data for hasown@https://registry.npmjs.org/hasown/-/hasown-2.0.2.tgz. Extracting by manifest.
272 silly tarball no local data for has-symbols@https://registry.npmjs.org/has-symbols/-/has-symbols-1.1.0.tgz. Extracting by manifest.
273 silly tarball no local data for has-flag@https://registry.npmjs.org/has-flag/-/has-flag-4.0.0.tgz. Extracting by manifest.
274 silly tarball no local data for get-proto@https://registry.npmjs.org/get-proto/-/get-proto-1.0.1.tgz. Extracting by manifest.
275 silly tarball no local data for graceful-fs@https://registry.npmjs.org/graceful-fs/-/graceful-fs-4.2.11.tgz. Extracting by manifest.
276 silly tarball no local data for gopd@https://registry.npmjs.org/gopd/-/gopd-1.2.0.tgz. Extracting by manifest.
277 silly tarball no local data for get-caller-file@https://registry.npmjs.org/get-caller-file/-/get-caller-file-2.0.5.tgz. Extracting by manifest.
278 silly tarball no local data for get-intrinsic@https://registry.npmjs.org/get-intrinsic/-/get-intrinsic-1.3.0.tgz. Extracting by manifest.
279 silly tarball no local data for form-data@https://registry.npmjs.org/form-data/-/form-data-4.0.2.tgz. Extracting by manifest.
280 silly tarball no local data for function-bind@https://registry.npmjs.org/function-bind/-/function-bind-1.1.2.tgz. Extracting by manifest.
281 silly tarball no local data for follow-redirects@https://registry.npmjs.org/follow-redirects/-/follow-redirects-1.15.9.tgz. Extracting by manifest.
282 silly tarball no local data for escalade@https://registry.npmjs.org/escalade/-/escalade-3.2.0.tgz. Extracting by manifest.
283 silly tarball no local data for es-set-tostringtag@https://registry.npmjs.org/es-set-tostringtag/-/es-set-tostringtag-2.1.0.tgz. Extracting by manifest.
284 silly tarball no local data for es-object-atoms@https://registry.npmjs.org/es-object-atoms/-/es-object-atoms-1.1.1.tgz. Extracting by manifest.
285 silly tarball no local data for esbuild@https://registry.npmjs.org/esbuild/-/esbuild-0.25.1.tgz. Extracting by manifest.
286 silly tarball no local data for es-errors@https://registry.npmjs.org/es-errors/-/es-errors-1.3.0.tgz. Extracting by manifest.
287 silly tarball no local data for es-define-property@https://registry.npmjs.org/es-define-property/-/es-define-property-1.0.1.tgz. Extracting by manifest.
288 silly tarball no local data for enhanced-resolve@https://registry.npmjs.org/enhanced-resolve/-/enhanced-resolve-5.18.1.tgz. Extracting by manifest.
289 silly tarball no local data for dunder-proto@https://registry.npmjs.org/dunder-proto/-/dunder-proto-1.0.1.tgz. Extracting by manifest.
290 silly tarball no local data for detect-libc@https://registry.npmjs.org/detect-libc/-/detect-libc-2.0.3.tgz. Extracting by manifest.
291 silly tarball no local data for concurrently@https://registry.npmjs.org/concurrently/-/concurrently-9.1.2.tgz. Extracting by manifest.
292 silly tarball no local data for emoji-regex@https://registry.npmjs.org/emoji-regex/-/emoji-regex-8.0.0.tgz. Extracting by manifest.
293 silly tarball no local data for delayed-stream@https://registry.npmjs.org/delayed-stream/-/delayed-stream-1.0.0.tgz. Extracting by manifest.
294 silly tarball no local data for color-convert@https://registry.npmjs.org/color-convert/-/color-convert-2.0.1.tgz. Extracting by manifest.
295 silly tarball no local data for color-name@https://registry.npmjs.org/color-name/-/color-name-1.1.4.tgz. Extracting by manifest.
296 silly tarball no local data for combined-stream@https://registry.npmjs.org/combined-stream/-/combined-stream-1.0.8.tgz. Extracting by manifest.
297 silly tarball no local data for cliui@https://registry.npmjs.org/cliui/-/cliui-8.0.1.tgz. Extracting by manifest.
298 silly tarball no local data for axios@https://registry.npmjs.org/axios/-/axios-1.8.4.tgz. Extracting by manifest.
299 silly tarball no local data for chalk@https://registry.npmjs.org/chalk/-/chalk-4.1.2.tgz. Extracting by manifest.
300 silly tarball no local data for call-bind-apply-helpers@https://registry.npmjs.org/call-bind-apply-helpers/-/call-bind-apply-helpers-1.0.2.tgz. Extracting by manifest.
301 silly tarball no local data for asynckit@https://registry.npmjs.org/asynckit/-/asynckit-0.4.0.tgz. Extracting by manifest.
302 silly tarball no local data for ansi-styles@https://registry.npmjs.org/ansi-styles/-/ansi-styles-4.3.0.tgz. Extracting by manifest.
303 silly tarball no local data for ansi-regex@https://registry.npmjs.org/ansi-regex/-/ansi-regex-5.0.1.tgz. Extracting by manifest.
304 silly tarball no local data for @tailwindcss/vite@https://registry.npmjs.org/@tailwindcss/vite/-/vite-4.0.17.tgz. Extracting by manifest.
305 silly tarball no local data for @types/estree@https://registry.npmjs.org/@types/estree/-/estree-1.0.6.tgz. Extracting by manifest.
306 silly tarball no local data for @tailwindcss/oxide-win32-x64-msvc@https://registry.npmjs.org/@tailwindcss/oxide-win32-x64-msvc/-/oxide-win32-x64-msvc-4.0.17.tgz. Extracting by manifest.
307 silly tarball no local data for @tailwindcss/oxide@https://registry.npmjs.org/@tailwindcss/oxide/-/oxide-4.0.17.tgz. Extracting by manifest.
308 silly tarball no local data for @tailwindcss/node@https://registry.npmjs.org/@tailwindcss/node/-/node-4.0.17.tgz. Extracting by manifest.
309 silly tarball no local data for @esbuild/win32-x64@https://registry.npmjs.org/@esbuild/win32-x64/-/win32-x64-0.25.1.tgz. Extracting by manifest.
310 silly tarball no local data for @rollup/rollup-win32-x64-msvc@https://registry.npmjs.org/@rollup/rollup-win32-x64-msvc/-/rollup-win32-x64-msvc-4.37.0.tgz. Extracting by manifest.
311 silly tarball no local data for supports-color@https://registry.npmjs.org/supports-color/-/supports-color-7.2.0.tgz. Extracting by manifest.
312 http fetch GET 200 https://registry.npmjs.org/npm 642ms (cache miss)
313 http fetch GET 200 https://registry.npmjs.org/string-width/-/string-width-4.2.3.tgz 452ms (cache miss)
314 timing reifyNode:node_modules/string-width Completed in 565ms
315 http fetch GET 200 https://registry.npmjs.org/wrap-ansi/-/wrap-ansi-7.0.0.tgz 484ms (cache miss)
316 timing reifyNode:node_modules/wrap-ansi Completed in 578ms
317 http fetch GET 200 https://registry.npmjs.org/tree-kill/-/tree-kill-1.2.2.tgz 480ms (cache miss)
318 timing reifyNode:node_modules/tree-kill Completed in 586ms
319 http fetch GET 200 https://registry.npmjs.org/require-directory/-/require-directory-2.1.1.tgz 526ms (cache miss)
320 timing reifyNode:node_modules/require-directory Completed in 653ms
321 http fetch POST 200 https://registry.npmjs.org/-/npm/v1/security/advisories/bulk 693ms
322 timing auditReport:getReport Completed in 700ms
323 silly audit report {
323 silly audit report   vite: [
323 silly audit report     {
323 silly audit report       id: 1103631,
323 silly audit report       url: 'https://github.com/advisories/GHSA-4r4m-qw57-chr8',
323 silly audit report       title: 'Vite has a `server.fs.deny` bypassed for `inline` and `raw` with `?import` query',
323 silly audit report       severity: 'moderate',
323 silly audit report       vulnerable_versions: '>=6.2.0 <6.2.4',
323 silly audit report       cwe: [Array],
323 silly audit report       cvss: [Object]
323 silly audit report     },
323 silly audit report     {
323 silly audit report       id: 1103753,
323 silly audit report       url: 'https://github.com/advisories/GHSA-xcj6-pq6g-qj4x',
323 silly audit report       title: 'Vite allows server.fs.deny to be bypassed with .svg or relative paths',
323 silly audit report       severity: 'moderate',
323 silly audit report       vulnerable_versions: '>=6.2.0 <6.2.5',
323 silly audit report       cwe: [Array],
323 silly audit report       cvss: [Object]
323 silly audit report     },
323 silly audit report     {
323 silly audit report       id: 1103887,
323 silly audit report       url: 'https://github.com/advisories/GHSA-356w-63v5-8wf4',
323 silly audit report       title: 'Vite has an `server.fs.deny` bypass with an invalid `request-target`',
323 silly audit report       severity: 'moderate',
323 silly audit report       vulnerable_versions: '>=6.2.0 <6.2.6',
323 silly audit report       cwe: [Array],
323 silly audit report       cvss: [Object]
323 silly audit report     }
323 silly audit report   ]
323 silly audit report }
324 timing metavuln:cache:get:security-advisory:vite:n8QQZEUEjB5G8y/Kspw2YvZilywi6oo8pxbbDw3XeXjH3AIbAD4fMsm6Mcptt0zEFQMbBpQvayPnAMbUbYJF2Q== Completed in 6ms
325 timing metavuln:cache:get:security-advisory:vite:WY7zmQz5QRHZrVJQ+3lazAl88Jv4qsq/O/aRsjc1b1pXKZviYTIGIuX4VIXKfunvlM5vObH2nB/mOVc+8i6MPg== Completed in 4ms
326 timing metavuln:cache:get:security-advisory:vite:vupHw/JK+29fkHm8esh5fyWzaPxuTzcMj0pxO/f7shxvTsBW7afyhUAC6BJ2zBJnIvvBbPJnn5/GntEnFeOtwg== Completed in 4ms
327 http fetch GET 200 https://registry.npmjs.org/tslib/-/tslib-2.8.1.tgz 771ms (cache miss)
328 timing reifyNode:node_modules/tslib Completed in 871ms
329 http fetch GET 200 https://registry.npmjs.org/mime-types/-/mime-types-2.1.35.tgz 749ms (cache miss)
330 timing reifyNode:node_modules/mime-types Completed in 874ms
331 http fetch GET 200 https://registry.npmjs.org/yargs-parser/-/yargs-parser-21.1.1.tgz 784ms (cache miss)
332 timing reifyNode:node_modules/yargs-parser Completed in 881ms
333 http fetch GET 200 https://registry.npmjs.org/picocolors/-/picocolors-1.1.1.tgz 777ms (cache miss)
334 timing reifyNode:node_modules/picocolors Completed in 901ms
335 http fetch GET 200 https://registry.npmjs.org/shell-quote/-/shell-quote-1.8.2.tgz 793ms (cache miss)
336 timing reifyNode:node_modules/shell-quote Completed in 909ms
337 http fetch GET 200 https://registry.npmjs.org/is-fullwidth-code-point/-/is-fullwidth-code-point-3.0.0.tgz 814ms (cache miss)
338 timing reifyNode:node_modules/is-fullwidth-code-point Completed in 953ms
339 http fetch GET 200 https://registry.npmjs.org/mime-db/-/mime-db-1.52.0.tgz 849ms (cache miss)
340 timing reifyNode:node_modules/mime-db Completed in 979ms
341 http fetch GET 200 https://registry.npmjs.org/laravel-vite-plugin/-/laravel-vite-plugin-1.2.0.tgz 856ms (cache miss)
342 http fetch GET 200 https://registry.npmjs.org/picomatch/-/picomatch-2.3.1.tgz 874ms (cache miss)
343 timing reifyNode:node_modules/picomatch Completed in 996ms
344 timing reifyNode:node_modules/laravel-vite-plugin Completed in 1001ms
345 http fetch GET 200 https://registry.npmjs.org/tapable/-/tapable-2.2.1.tgz 914ms (cache miss)
346 timing reifyNode:node_modules/tapable Completed in 1016ms
347 http fetch GET 200 https://registry.npmjs.org/source-map-js/-/source-map-js-1.2.1.tgz 931ms (cache miss)
348 timing reifyNode:node_modules/source-map-js Completed in 1044ms
349 http fetch GET 200 https://registry.npmjs.org/proxy-from-env/-/proxy-from-env-1.1.0.tgz 939ms (cache miss)
350 timing reifyNode:node_modules/proxy-from-env Completed in 1057ms
351 http fetch GET 200 https://registry.npmjs.org/has-tostringtag/-/has-tostringtag-1.0.2.tgz 961ms (cache miss)
352 timing reifyNode:node_modules/has-tostringtag Completed in 1106ms
353 http fetch GET 200 https://registry.npmjs.org/nanoid/-/nanoid-3.3.11.tgz 1010ms (cache miss)
354 timing reifyNode:node_modules/nanoid Completed in 1163ms
355 http fetch GET 200 https://registry.npmjs.org/lightningcss/-/lightningcss-1.29.2.tgz 1346ms (cache miss)
356 timing reifyNode:node_modules/lightningcss Completed in 1477ms
357 http fetch GET 200 https://registry.npmjs.org/has-symbols/-/has-symbols-1.1.0.tgz 1378ms (cache miss)
358 timing reifyNode:node_modules/has-symbols Completed in 1530ms
359 http fetch GET 200 https://registry.npmjs.org/graceful-fs/-/graceful-fs-4.2.11.tgz 1407ms (cache miss)
360 http fetch GET 200 https://registry.npmjs.org/escalade/-/escalade-3.2.0.tgz 1392ms (cache miss)
361 http fetch GET 200 https://registry.npmjs.org/has-flag/-/has-flag-4.0.0.tgz 1445ms (cache miss)
362 timing reifyNode:node_modules/has-flag Completed in 1589ms
363 timing reifyNode:node_modules/graceful-fs Completed in 1648ms
364 http fetch GET 200 https://registry.npmjs.org/y18n/-/y18n-5.0.8.tgz 1587ms (cache miss)
365 http fetch GET 200 https://registry.npmjs.org/detect-libc/-/detect-libc-2.0.3.tgz 1494ms (cache miss)
366 http fetch GET 200 https://registry.npmjs.org/delayed-stream/-/delayed-stream-1.0.0.tgz 1499ms (cache miss)
367 http fetch GET 200 https://registry.npmjs.org/chalk/-/chalk-4.1.2.tgz 1503ms (cache miss)
368 timing reifyNode:node_modules/y18n Completed in 1702ms
369 http fetch GET 200 https://registry.npmjs.org/supports-color/-/supports-color-8.1.1.tgz 1605ms (cache miss)
370 timing reifyNode:node_modules/supports-color Completed in 1713ms
371 timing reifyNode:node_modules/delayed-stream Completed in 1724ms
372 http fetch GET 200 https://registry.npmjs.org/combined-stream/-/combined-stream-1.0.8.tgz 1536ms (cache miss)
373 timing reifyNode:node_modules/combined-stream Completed in 1727ms
374 http fetch GET 200 https://registry.npmjs.org/math-intrinsics/-/math-intrinsics-1.1.0.tgz 1603ms (cache miss)
375 http fetch GET 200 https://registry.npmjs.org/color-name/-/color-name-1.1.4.tgz 1549ms (cache miss)
376 timing reifyNode:node_modules/color-name Completed in 1738ms
377 http fetch GET 200 https://registry.npmjs.org/call-bind-apply-helpers/-/call-bind-apply-helpers-1.0.2.tgz 1544ms (cache miss)
378 http fetch GET 200 https://registry.npmjs.org/strip-ansi/-/strip-ansi-6.0.1.tgz 1649ms (cache miss)
379 timing reifyNode:node_modules/strip-ansi Completed in 1761ms
380 timing reifyNode:node_modules/detect-libc Completed in 1760ms
381 http fetch GET 200 https://registry.npmjs.org/hasown/-/hasown-2.0.2.tgz 1622ms (cache miss)
382 timing reifyNode:node_modules/math-intrinsics Completed in 1765ms
383 http fetch GET 200 https://registry.npmjs.org/get-intrinsic/-/get-intrinsic-1.3.0.tgz 1616ms (cache miss)
384 http fetch GET 200 https://registry.npmjs.org/ansi-regex/-/ansi-regex-5.0.1.tgz 1575ms (cache miss)
385 timing reifyNode:node_modules/ansi-regex Completed in 1772ms
386 timing reifyNode:node_modules/hasown Completed in 1782ms
387 http fetch GET 200 https://registry.npmjs.org/supports-color/-/supports-color-7.2.0.tgz 1568ms (cache miss)
388 http fetch GET 200 https://registry.npmjs.org/es-set-tostringtag/-/es-set-tostringtag-2.1.0.tgz 1617ms (cache miss)
389 http fetch GET 200 https://registry.npmjs.org/@tailwindcss/oxide/-/oxide-4.0.17.tgz 1584ms (cache miss)
390 timing reifyNode:node_modules/@tailwindcss/oxide Completed in 1784ms
391 timing reifyNode:node_modules/get-intrinsic Completed in 1790ms
392 http fetch GET 200 https://registry.npmjs.org/@types/estree/-/estree-1.0.6.tgz 1593ms (cache miss)
393 timing reifyNode:node_modules/@types/estree Completed in 1793ms
394 timing reifyNode:node_modules/chalk/node_modules/supports-color Completed in 1794ms
395 http fetch GET 200 https://registry.npmjs.org/color-convert/-/color-convert-2.0.1.tgz 1613ms (cache miss)
396 timing reifyNode:node_modules/es-set-tostringtag Completed in 1801ms
397 timing reifyNode:node_modules/chalk Completed in 1804ms
398 timing reifyNode:node_modules/color-convert Completed in 1809ms
399 http fetch GET 200 https://registry.npmjs.org/ansi-styles/-/ansi-styles-4.3.0.tgz 1613ms (cache miss)
400 timing reifyNode:node_modules/ansi-styles Completed in 1809ms
401 http fetch GET 200 https://registry.npmjs.org/form-data/-/form-data-4.0.2.tgz 1652ms (cache miss)
402 timing reifyNode:node_modules/form-data Completed in 1810ms
403 timing reifyNode:node_modules/escalade Completed in 1816ms
404 http fetch GET 200 https://registry.npmjs.org/gopd/-/gopd-1.2.0.tgz 1670ms (cache miss)
405 http fetch GET 200 https://registry.npmjs.org/tailwindcss/-/tailwindcss-4.0.17.tgz 1716ms (cache miss)
406 http fetch GET 200 https://registry.npmjs.org/follow-redirects/-/follow-redirects-1.15.9.tgz 1662ms (cache miss)
407 timing reifyNode:node_modules/follow-redirects Completed in 1824ms
408 http fetch GET 200 https://registry.npmjs.org/emoji-regex/-/emoji-regex-8.0.0.tgz 1641ms (cache miss)
409 timing reifyNode:node_modules/emoji-regex Completed in 1825ms
410 timing reifyNode:node_modules/gopd Completed in 1830ms
411 timing reifyNode:node_modules/tailwindcss Completed in 1833ms
412 http fetch GET 200 https://registry.npmjs.org/es-define-property/-/es-define-property-1.0.1.tgz 1658ms (cache miss)
413 http fetch GET 200 https://registry.npmjs.org/esbuild/-/esbuild-0.25.1.tgz 1662ms (cache miss)
414 timing reifyNode:node_modules/esbuild Completed in 1831ms
415 timing reifyNode:node_modules/es-define-property Completed in 1849ms
416 http fetch GET 200 https://registry.npmjs.org/function-bind/-/function-bind-1.1.2.tgz 1691ms (cache miss)
417 timing reifyNode:node_modules/function-bind Completed in 1852ms
418 http fetch GET 200 https://registry.npmjs.org/cliui/-/cliui-8.0.1.tgz 1664ms (cache miss)
419 timing reifyNode:node_modules/cliui Completed in 1854ms
420 http fetch GET 200 https://registry.npmjs.org/get-proto/-/get-proto-1.0.1.tgz 1716ms (cache miss)
421 timing reifyNode:node_modules/get-proto Completed in 1873ms
422 http fetch GET 200 https://registry.npmjs.org/dunder-proto/-/dunder-proto-1.0.1.tgz 1704ms (cache miss)
423 http fetch GET 200 https://registry.npmjs.org/es-object-atoms/-/es-object-atoms-1.1.1.tgz 1725ms (cache miss)
424 timing reifyNode:node_modules/dunder-proto Completed in 1895ms
425 timing reifyNode:node_modules/es-object-atoms Completed in 1901ms
426 http fetch GET 200 https://registry.npmjs.org/@tailwindcss/node/-/node-4.0.17.tgz 1727ms (cache miss)
427 timing reifyNode:node_modules/@tailwindcss/node Completed in 1944ms
428 http fetch GET 200 https://registry.npmjs.org/es-errors/-/es-errors-1.3.0.tgz 1791ms (cache miss)
429 http fetch GET 200 https://registry.npmjs.org/asynckit/-/asynckit-0.4.0.tgz 1769ms (cache miss)
430 timing reifyNode:node_modules/es-errors Completed in 1973ms
431 timing reifyNode:node_modules/asynckit Completed in 1976ms
432 timing reifyNode:node_modules/call-bind-apply-helpers Completed in 2000ms
433 http fetch GET 200 https://registry.npmjs.org/postcss/-/postcss-8.5.3.tgz 1922ms (cache miss)
434 timing reifyNode:node_modules/postcss Completed in 2057ms
435 http fetch GET 200 https://registry.npmjs.org/@tailwindcss/vite/-/vite-4.0.17.tgz 1938ms (cache miss)
436 timing reifyNode:node_modules/@tailwindcss/vite Completed in 2136ms
437 http fetch GET 200 https://registry.npmjs.org/get-caller-file/-/get-caller-file-2.0.5.tgz 1993ms (cache miss)
438 timing reifyNode:node_modules/get-caller-file Completed in 2158ms
439 http fetch GET 200 https://registry.npmjs.org/rollup/-/rollup-4.37.0.tgz 2063ms (cache miss)
440 timing reifyNode:node_modules/rollup Completed in 2183ms
441 http fetch GET 200 https://registry.npmjs.org/jiti/-/jiti-2.4.2.tgz 2067ms (cache miss)
442 timing reifyNode:node_modules/jiti Completed in 2205ms
443 http fetch GET 200 https://registry.npmjs.org/enhanced-resolve/-/enhanced-resolve-5.18.1.tgz 2081ms (cache miss)
444 timing reifyNode:node_modules/enhanced-resolve Completed in 2260ms
445 http fetch GET 200 https://registry.npmjs.org/vite/-/vite-6.2.3.tgz 2166ms (cache miss)
446 timing reifyNode:node_modules/vite Completed in 2270ms
447 http fetch GET 200 https://registry.npmjs.org/vite 1598ms (cache miss)
448 timing metavuln:packument:vite Completed in 1625ms
449 timing metavuln:load:security-advisory:vite:1103631 Completed in 32ms
450 timing metavuln:load:security-advisory:vite:1103753 Completed in 26ms
451 timing metavuln:load:security-advisory:vite:1103887 Completed in 16ms
452 timing metavuln:cache:put:security-advisory:vite:n8QQZEUEjB5G8y/Kspw2YvZilywi6oo8pxbbDw3XeXjH3AIbAD4fMsm6Mcptt0zEFQMbBpQvayPnAMbUbYJF2Q== Completed in 78ms
453 timing metavuln:calculate:security-advisory:vite:1103631 Completed in 1737ms
454 timing metavuln:cache:put:security-advisory:vite:WY7zmQz5QRHZrVJQ+3lazAl88Jv4qsq/O/aRsjc1b1pXKZviYTIGIuX4VIXKfunvlM5vObH2nB/mOVc+8i6MPg== Completed in 50ms
455 timing metavuln:calculate:security-advisory:vite:1103753 Completed in 1735ms
456 timing metavuln:cache:put:security-advisory:vite:vupHw/JK+29fkHm8esh5fyWzaPxuTzcMj0pxO/f7shxvTsBW7afyhUAC6BJ2zBJnIvvBbPJnn5/GntEnFeOtwg== Completed in 33ms
457 timing metavuln:calculate:security-advisory:vite:1103887 Completed in 1735ms
458 timing metavuln:cache:get:security-advisory:@tailwindcss/vite:kjHeLQRsLMOz3u3iDCpGDju3NY9rxkFzMIWpvJnBFDkGT/2JaKdBL/RBsuEte1IqlsvGSXNdQBbEjBwIdu1kMQ== Completed in 4ms
459 timing metavuln:cache:get:security-advisory:laravel-vite-plugin:Ba3YiUj5g7diuNmeXA0LDo/OEIXzjhx7Yt53Lf07hoya07XYCJ1WAv8i4KejtpRzJwZT4janVKVhJUJnF/usrg== Completed in 4ms
460 http fetch GET 200 https://registry.npmjs.org/yargs/-/yargs-17.7.2.tgz 2356ms (cache miss)
461 timing reifyNode:node_modules/yargs Completed in 2451ms
462 http fetch GET 200 https://registry.npmjs.org/concurrently/-/concurrently-9.1.2.tgz 2334ms (cache miss)
463 timing reifyNode:node_modules/concurrently Completed in 2528ms
464 http fetch GET 200 https://registry.npmjs.org/laravel-vite-plugin 120ms (cache miss)
465 timing metavuln:packument:laravel-vite-plugin Completed in 122ms
466 timing metavuln:load:security-advisory:laravel-vite-plugin:n8QQZEUEjB5G8y/Kspw2YvZilywi6oo8pxbbDw3XeXjH3AIbAD4fMsm6Mcptt0zEFQMbBpQvayPnAMbUbYJF2Q== Completed in 38ms
467 timing metavuln:cache:put:security-advisory:laravel-vite-plugin:Ba3YiUj5g7diuNmeXA0LDo/OEIXzjhx7Yt53Lf07hoya07XYCJ1WAv8i4KejtpRzJwZT4janVKVhJUJnF/usrg== Completed in 36ms
468 timing metavuln:calculate:security-advisory:laravel-vite-plugin:n8QQZEUEjB5G8y/Kspw2YvZilywi6oo8pxbbDw3XeXjH3AIbAD4fMsm6Mcptt0zEFQMbBpQvayPnAMbUbYJF2Q== Completed in 196ms
469 http fetch GET 200 https://registry.npmjs.org/@tailwindcss%2fvite 212ms (cache miss)
470 timing metavuln:packument:@tailwindcss/vite Completed in 216ms
471 timing metavuln:load:security-advisory:@tailwindcss/vite:n8QQZEUEjB5G8y/Kspw2YvZilywi6oo8pxbbDw3XeXjH3AIbAD4fMsm6Mcptt0zEFQMbBpQvayPnAMbUbYJF2Q== Completed in 24ms
472 timing metavuln:cache:put:security-advisory:@tailwindcss/vite:kjHeLQRsLMOz3u3iDCpGDju3NY9rxkFzMIWpvJnBFDkGT/2JaKdBL/RBsuEte1IqlsvGSXNdQBbEjBwIdu1kMQ== Completed in 37ms
473 timing metavuln:calculate:security-advisory:@tailwindcss/vite:n8QQZEUEjB5G8y/Kspw2YvZilywi6oo8pxbbDw3XeXjH3AIbAD4fMsm6Mcptt0zEFQMbBpQvayPnAMbUbYJF2Q== Completed in 279ms
474 timing auditReport:init Completed in 2023ms
475 timing reify:audit Completed in 2725ms
476 http fetch GET 200 https://registry.npmjs.org/lightningcss-win32-x64-msvc/-/lightningcss-win32-x64-msvc-1.29.2.tgz 2689ms (cache miss)
477 timing reifyNode:node_modules/lightningcss-win32-x64-msvc Completed in 2823ms
478 http fetch GET 200 https://registry.npmjs.org/@rollup/rollup-win32-x64-msvc/-/rollup-win32-x64-msvc-4.37.0.tgz 2749ms (cache miss)
479 timing reifyNode:node_modules/@rollup/rollup-win32-x64-msvc Completed in 2959ms
480 http fetch GET 200 https://registry.npmjs.org/axios/-/axios-1.8.4.tgz 2786ms (cache miss)
481 timing reifyNode:node_modules/axios Completed in 2979ms
482 http fetch GET 200 https://registry.npmjs.org/@tailwindcss/oxide-win32-x64-msvc/-/oxide-win32-x64-msvc-4.0.17.tgz 2794ms (cache miss)
483 timing reifyNode:node_modules/@tailwindcss/oxide-win32-x64-msvc Completed in 2996ms
484 http fetch GET 200 https://registry.npmjs.org/@esbuild/win32-x64/-/win32-x64-0.25.1.tgz 2929ms (cache miss)
485 timing reifyNode:node_modules/@esbuild/win32-x64 Completed in 3129ms
486 http fetch GET 200 https://registry.npmjs.org/vite-plugin-full-reload/-/vite-plugin-full-reload-1.2.0.tgz 4213ms (cache miss)
487 timing reifyNode:node_modules/vite-plugin-full-reload Completed in 4310ms
488 http fetch GET 200 https://registry.npmjs.org/lodash/-/lodash-4.17.21.tgz 4220ms (cache miss)
489 timing reifyNode:node_modules/lodash Completed in 4356ms
490 http fetch GET 200 https://registry.npmjs.org/rxjs/-/rxjs-7.8.2.tgz 5632ms (cache miss)
491 timing reifyNode:node_modules/rxjs Completed in 5748ms
492 timing reify:unpack Completed in 5750ms
493 timing reify:unretire Completed in 1ms
494 timing build:queue Completed in 6ms
495 timing build:link:node_modules/concurrently Completed in 12ms
496 timing build:link:node_modules/laravel-vite-plugin Completed in 11ms
497 timing build:link:node_modules/nanoid Completed in 11ms
498 timing build:link:node_modules/jiti Completed in 11ms
499 timing build:link:node_modules/esbuild Completed in 11ms
500 timing build:link:node_modules/rollup Completed in 11ms
501 timing build:link:node_modules/vite Completed in 10ms
502 timing build:link:node_modules/tree-kill Completed in 11ms
503 timing build:link Completed in 12ms
504 info run esbuild@0.25.1 postinstall node_modules/esbuild node install.js
505 info run esbuild@0.25.1 postinstall { code: 0, signal: null }
506 timing build:run:postinstall:node_modules/esbuild Completed in 352ms
507 timing build:run:postinstall Completed in 352ms
508 timing build:deps Completed in 370ms
509 timing build Completed in 371ms
510 timing reify:build Completed in 371ms
511 timing reify:trash Completed in 11ms
512 timing reify:save Completed in 44ms
513 timing reify Completed in 6446ms
514 silly ADD node_modules/yargs-parser
515 silly ADD node_modules/yargs
516 silly ADD node_modules/y18n
517 silly ADD node_modules/wrap-ansi
518 silly ADD node_modules/vite-plugin-full-reload
519 silly ADD node_modules/vite
520 silly ADD node_modules/tslib
521 silly ADD node_modules/tree-kill
522 silly ADD node_modules/tapable
523 silly ADD node_modules/tailwindcss
524 silly ADD node_modules/supports-color
525 silly ADD node_modules/strip-ansi
526 silly ADD node_modules/string-width
527 silly ADD node_modules/source-map-js
528 silly ADD node_modules/shell-quote
529 silly ADD node_modules/rxjs
530 silly ADD node_modules/rollup
531 silly ADD node_modules/require-directory
532 silly ADD node_modules/proxy-from-env
533 silly ADD node_modules/postcss
534 silly ADD node_modules/picomatch
535 silly ADD node_modules/picocolors
536 silly ADD node_modules/nanoid
537 silly ADD node_modules/mime-types
538 silly ADD node_modules/mime-db
539 silly ADD node_modules/math-intrinsics
540 silly ADD node_modules/lodash
541 silly ADD node_modules/lightningcss-win32-x64-msvc
542 silly ADD
543 silly ADD
544 silly ADD
545 silly ADD
546 silly ADD
547 silly ADD
548 silly ADD
549 silly ADD
550 silly ADD
551 silly ADD node_modules/lightningcss
552 silly ADD node_modules/laravel-vite-plugin
553 silly ADD node_modules/jiti
554 silly ADD node_modules/is-fullwidth-code-point
555 silly ADD node_modules/hasown
556 silly ADD node_modules/has-tostringtag
557 silly ADD node_modules/has-symbols
558 silly ADD node_modules/has-flag
559 silly ADD node_modules/graceful-fs
560 silly ADD node_modules/gopd
561 silly ADD node_modules/get-proto
562 silly ADD node_modules/get-intrinsic
563 silly ADD node_modules/get-caller-file
564 silly ADD node_modules/function-bind
565 silly ADD
566 silly ADD node_modules/form-data
567 silly ADD node_modules/follow-redirects
568 silly ADD node_modules/escalade
569 silly ADD node_modules/esbuild
570 silly ADD node_modules/es-set-tostringtag
571 silly ADD node_modules/es-object-atoms
572 silly ADD node_modules/es-errors
573 silly ADD node_modules/es-define-property
574 silly ADD node_modules/enhanced-resolve
575 silly ADD node_modules/emoji-regex
576 silly ADD node_modules/dunder-proto
577 silly ADD node_modules/detect-libc
578 silly ADD node_modules/delayed-stream
579 silly ADD node_modules/concurrently
580 silly ADD node_modules/combined-stream
581 silly ADD node_modules/color-name
582 silly ADD node_modules/color-convert
583 silly ADD node_modules/cliui
584 silly ADD node_modules/chalk
585 silly ADD node_modules/chalk/node_modules/supports-color
586 silly ADD node_modules/call-bind-apply-helpers
587 silly ADD node_modules/axios
588 silly ADD node_modules/asynckit
589 silly ADD node_modules/ansi-styles
590 silly ADD node_modules/ansi-regex
591 silly ADD node_modules/@types/estree
592 silly ADD node_modules/@tailwindcss/vite
593 silly ADD node_modules/@tailwindcss/oxide-win32-x64-msvc
594 silly ADD
595 silly ADD
596 silly ADD
597 silly ADD
598 silly ADD
599 silly ADD
600 silly ADD
601 silly ADD
602 silly ADD
603 silly ADD
604 silly ADD node_modules/@tailwindcss/oxide
605 silly ADD node_modules/@tailwindcss/node
606 silly ADD node_modules/@rollup/rollup-win32-x64-msvc
607 silly ADD
608 silly ADD
609 silly ADD
610 silly ADD
611 silly ADD
612 silly ADD
613 silly ADD
614 silly ADD
615 silly ADD
616 silly ADD
617 silly ADD
618 silly ADD
619 silly ADD
620 silly ADD
621 silly ADD
622 silly ADD
623 silly ADD
624 silly ADD
625 silly ADD
626 silly ADD node_modules/@esbuild/win32-x64
627 silly ADD
628 silly ADD
629 silly ADD
630 silly ADD
631 silly ADD
632 silly ADD
633 silly ADD
634 silly ADD
635 silly ADD
636 silly ADD
637 silly ADD
638 silly ADD
639 silly ADD
640 silly ADD
641 silly ADD
642 silly ADD
643 silly ADD
644 silly ADD
645 silly ADD
646 silly ADD
647 silly ADD
648 silly ADD
649 silly ADD
650 silly ADD
651 timing command:install Completed in 6471ms
652 notice
652 notice New [31mmajor[39m version of npm available! [31m8.18.0[39m -> [32m11.3.0[39m
652 notice Changelog: [36mhttps://github.com/npm/cli/releases/tag/v11.3.0[39m
652 notice Run [32mnpm install -g npm@11.3.0[39m to update!
652 notice
653 verbose exit 0
654 timing npm Completed in 6743ms
655 info ok
